# JRE version: 7.0_09-b05
# Java VM: Java HotSpot(TM) Client VM (23.5-b02 mixed mode windows-x86 )
Heap
 def new generation   total 11520K, used 466K [0x04340000, 0x04fb0000, 0x09890000)
  eden space 10304K,   2% used [0x04340000, 0x04374dd8, 0x04d50000)
  from space 1216K,  20% used [0x04e80000, 0x04ebfbd0, 0x04fb0000)
  to   space 1216K,   0% used [0x04d50000, 0x04d50000, 0x04e80000)
 tenured generation   total 25388K, used 15259K [0x09890000, 0x0b15b000, 0x14340000)
   the space 25388K,  60% used [0x09890000, 0x0a776e08, 0x0a777000, 0x0b15b000)
 compacting perm gen  total 12288K, used 7569K [0x14340000, 0x14f40000, 0x18340000)
   the space 12288K,  61% used [0x14340000, 0x14aa4588, 0x14aa4600, 0x14f40000)
GC Heap History (10 events):
Event: 9.045 GC heap before
{Heap before GC invocations=8 (full 3):
 def new generation   total 11520K, used 10304K [0x04340000, 0x04fb0000, 0x09890000)
  eden space 10304K, 100% used [0x04340000, 0x04d50000, 0x04d50000)
  from space 1216K,   0% used [0x04d50000, 0x04d50000, 0x04e80000)
  to   space 1216K,   0% used [0x04e80000, 0x04e80000, 0x04fb0000)
 tenured generation   total 25388K, used 15259K [0x09890000, 0x0b15b000, 0x14340000)
   the space 25388K,  60% used [0x09890000, 0x0a776e08, 0x0a777000, 0x0b15b000)
 compacting perm gen  total 12288K, used 7568K [0x14340000, 0x14f40000, 0x18340000)
   the space 12288K,  61% used [0x14340000, 0x14aa40e8, 0x14aa4200, 0x14f40000)
No shared spaces configured.
Event: 9.046 GC heap after
Heap after GC invocations=9 (full 3):
 def new generation   total 11520K, used 48K [0x04340000, 0x04fb0000, 0x09890000)
  eden space 10304K,   0% used [0x04340000, 0x04340000, 0x04d50000)
  from space 1216K,   4% used [0x04e80000, 0x04e8c320, 0x04fb0000)
  to   space 1216K,   0% used [0x04d50000, 0x04d50000, 0x04e80000)
 tenured generation   total 25388K, used 15259K [0x09890000, 0x0b15b000, 0x14340000)
   the space 25388K,  60% used [0x09890000, 0x0a776e08, 0x0a777000, 0x0b15b000)
 compacting perm gen  total 12288K, used 7568K [0x14340000, 0x14f40000, 0x18340000)
   the space 12288K,  61% used [0x14340000, 0x14aa40e8, 0x14aa4200, 0x14f40000)
No shared spaces configured.
}
Event: 9.758 GC heap before
{Heap before GC invocations=9 (full 3):
 def new generation   total 11520K, used 10352K [0x04340000, 0x04fb0000, 0x09890000)
  eden space 10304K, 100% used [0x04340000, 0x04d50000, 0x04d50000)
  from space 1216K,   4% used [0x04e80000, 0x04e8c320, 0x04fb0000)
  to   space 1216K,   0% used [0x04d50000, 0x04d50000, 0x04e80000)
 tenured generation   total 25388K, used 15259K [0x09890000, 0x0b15b000, 0x14340000)
   the space 25388K,  60% used [0x09890000, 0x0a776e08, 0x0a777000, 0x0b15b000)
 compacting perm gen  total 12288K, used 7568K [0x14340000, 0x14f40000, 0x18340000)
   the space 12288K,  61% used [0x14340000, 0x14aa4128, 0x14aa4200, 0x14f40000)
No shared spaces configured.
Event: 9.759 GC heap after
Heap after GC invocations=10 (full 3):
 def new generation   total 11520K, used 48K [0x04340000, 0x04fb0000, 0x09890000)
  eden space 10304K,   0% used [0x04340000, 0x04340000, 0x04d50000)
  from space 1216K,   4% used [0x04d50000, 0x04d5c370, 0x04e80000)
  to   space 1216K,   0% used [0x04e80000, 0x04e80000, 0x04fb0000)
 tenured generation   total 25388K, used 15259K [0x09890000, 0x0b15b000, 0x14340000)
   the space 25388K,  60% used [0x09890000, 0x0a776e08, 0x0a777000, 0x0b15b000)
 compacting perm gen  total 12288K, used 7568K [0x14340000, 0x14f40000, 0x18340000)
   the space 12288K,  61% used [0x14340000, 0x14aa4128, 0x14aa4200, 0x14f40000)
No shared spaces configured.
}
Event: 10.398 GC heap before
{Heap before GC invocations=10 (full 3):
 def new generation   total 11520K, used 10352K [0x04340000, 0x04fb0000, 0x09890000)
  eden space 10304K, 100% used [0x04340000, 0x04d50000, 0x04d50000)
  from space 1216K,   4% used [0x04d50000, 0x04d5c370, 0x04e80000)
  to   space 1216K,   0% used [0x04e80000, 0x04e80000, 0x04fb0000)
 tenured generation   total 25388K, used 15259K [0x09890000, 0x0b15b000, 0x14340000)
   the space 25388K,  60% used [0x09890000, 0x0a776e08, 0x0a777000, 0x0b15b000)
 compacting perm gen  total 12288K, used 7569K [0x14340000, 0x14f40000, 0x18340000)
   the space 12288K,  61% used [0x14340000, 0x14aa44a8, 0x14aa4600, 0x14f40000)
No shared spaces configured.
Event: 10.399 GC heap after
Heap after GC invocations=11 (full 3):
 def new generation   total 11520K, used 52K [0x04340000, 0x04fb0000, 0x09890000)
  eden space 10304K,   0% used [0x04340000, 0x04340000, 0x04d50000)
  from space 1216K,   4% used [0x04e80000, 0x04e8d0e0, 0x04fb0000)
  to   space 1216K,   0% used [0x04d50000, 0x04d50000, 0x04e80000)
 tenured generation   total 25388K, used 15259K [0x09890000, 0x0b15b000, 0x14340000)
   the space 25388K,  60% used [0x09890000, 0x0a776e08, 0x0a777000, 0x0b15b000)
 compacting perm gen  total 12288K, used 7569K [0x14340000, 0x14f40000, 0x18340000)
   the space 12288K,  61% used [0x14340000, 0x14aa44a8, 0x14aa4600, 0x14f40000)
No shared spaces configured.
}
Event: 11.509 GC heap before
{Heap before GC invocations=11 (full 3):
 def new generation   total 11520K, used 10356K [0x04340000, 0x04fb0000, 0x09890000)
  eden space 10304K, 100% used [0x04340000, 0x04d50000, 0x04d50000)
  from space 1216K,   4% used [0x04e80000, 0x04e8d0e0, 0x04fb0000)
  to   space 1216K,   0% used [0x04d50000, 0x04d50000, 0x04e80000)
 tenured generation   total 25388K, used 15259K [0x09890000, 0x0b15b000, 0x14340000)
   the space 25388K,  60% used [0x09890000, 0x0a776e08, 0x0a777000, 0x0b15b000)
 compacting perm gen  total 12288K, used 7569K [0x14340000, 0x14f40000, 0x18340000)
   the space 12288K,  61% used [0x14340000, 0x14aa4568, 0x14aa4600, 0x14f40000)
No shared spaces configured.
Event: 11.511 GC heap after
Heap after GC invocations=12 (full 3):
 def new generation   total 11520K, used 509K [0x04340000, 0x04fb0000, 0x09890000)
  eden space 10304K,   0% used [0x04340000, 0x04340000, 0x04d50000)
  from space 1216K,  41% used [0x04d50000, 0x04dcf7d8, 0x04e80000)
  to   space 1216K,   0% used [0x04e80000, 0x04e80000, 0x04fb0000)
 tenured generation   total 25388K, used 15259K [0x09890000, 0x0b15b000, 0x14340000)
   the space 25388K,  60% used [0x09890000, 0x0a776e08, 0x0a777000, 0x0b15b000)
 compacting perm gen  total 12288K, used 7569K [0x14340000, 0x14f40000, 0x18340000)
   the space 12288K,  61% used [0x14340000, 0x14aa4568, 0x14aa4600, 0x14f40000)
No shared spaces configured.
}
Event: 12.123 GC heap before
{Heap before GC invocations=12 (full 3):
 def new generation   total 11520K, used 10813K [0x04340000, 0x04fb0000, 0x09890000)
  eden space 10304K, 100% used [0x04340000, 0x04d50000, 0x04d50000)
  from space 1216K,  41% used [0x04d50000, 0x04dcf7d8, 0x04e80000)
  to   space 1216K,   0% used [0x04e80000, 0x04e80000, 0x04fb0000)
 tenured generation   total 25388K, used 15259K [0x09890000, 0x0b15b000, 0x14340000)
   the space 25388K,  60% used [0x09890000, 0x0a776e08, 0x0a777000, 0x0b15b000)
 compacting perm gen  total 12288K, used 7569K [0x14340000, 0x14f40000, 0x18340000)
   the space 12288K,  61% used [0x14340000, 0x14aa4588, 0x14aa4600, 0x14f40000)
No shared spaces configured.
Event: 12.124 GC heap after
Heap after GC invocations=13 (full 3):
 def new generation   total 11520K, used 254K [0x04340000, 0x04fb0000, 0x09890000)
  eden space 10304K,   0% used [0x04340000, 0x04340000, 0x04d50000)
  from space 1216K,  20% used [0x04e80000, 0x04ebfbd0, 0x04fb0000)
  to   space 1216K,   0% used [0x04d50000, 0x04d50000, 0x04e80000)
 tenured generation   total 25388K, used 15259K [0x09890000, 0x0b15b000, 0x14340000)
   the space 25388K,  60% used [0x09890000, 0x0a776e08, 0x0a777000, 0x0b15b000)
 compacting perm gen  total 12288K, used 7569K [0x14340000, 0x14f40000, 0x18340000)
   the space 12288K,  61% used [0x14340000, 0x14aa4588, 0x14aa4600, 0x14f40000)
No shared spaces configured.
}

